#! /c/Source/iverilog-install/bin/vvp
:ivl_version "12.0 (devel)" "(s20150603-1539-g2693dd32b)";
:ivl_delay_selection "TYPICAL";
:vpi_time_precision + 0;
:vpi_module "C:\iverilog\lib\ivl\system.vpi";
:vpi_module "C:\iverilog\lib\ivl\vhdl_sys.vpi";
:vpi_module "C:\iverilog\lib\ivl\vhdl_textio.vpi";
:vpi_module "C:\iverilog\lib\ivl\v2005_math.vpi";
:vpi_module "C:\iverilog\lib\ivl\va_math.vpi";
S_00000215d4bfa340 .scope module, "testbench" "testbench" 2 4;
 .timescale 0 0;
v00000215d4bf0e10_0 .var "clk", 0 0;
v00000215d4bf1270_0 .net "out", 0 0, L_00000215d4bf18b0;  1 drivers
v00000215d4bf1630_0 .net "q", 0 0, v00000215d4bf1090_0;  1 drivers
v00000215d4bf1310_0 .var "reset", 0 0;
v00000215d4bf1770_0 .net "y", 0 0, L_00000215d4be6ad0;  1 drivers
S_00000215d4bfa4d0 .scope module, "cnt" "counter10" 2 8, 3 1 0, S_00000215d4bfa340;
 .timescale 0 0;
    .port_info 0 /INPUT 1 "clk";
    .port_info 1 /INPUT 1 "rst";
    .port_info 2 /OUTPUT 1 "y";
L_00000215d4be6ad0 .functor AND 1, L_00000215d4bf19f0, L_00000215d4bf1a90, C4<1>, C4<1>;
v00000215d4bc35c0_0 .net *"_ivl_1", 0 0, L_00000215d4bf19f0;  1 drivers
v00000215d4be8350_0 .net *"_ivl_3", 0 0, L_00000215d4bf1a90;  1 drivers
v00000215d4bf60b0_0 .net "clk", 0 0, v00000215d4bf0e10_0;  1 drivers
v00000215d4bf6150_0 .var "count", 3 0;
v00000215d4bf61f0_0 .net "rst", 0 0, v00000215d4bf1310_0;  1 drivers
v00000215d4bf14f0_0 .net "y", 0 0, L_00000215d4be6ad0;  alias, 1 drivers
E_00000215d4ada140/0 .event anyedge, v00000215d4bf61f0_0;
E_00000215d4ada140/1 .event negedge, v00000215d4bf60b0_0;
E_00000215d4ada140 .event/or E_00000215d4ada140/0, E_00000215d4ada140/1;
L_00000215d4bf19f0 .part v00000215d4bf6150_0, 3, 1;
L_00000215d4bf1a90 .part v00000215d4bf6150_0, 0, 1;
S_00000215d4bf6290 .scope module, "cnt1" "counter3" 2 9, 4 1 0, S_00000215d4bfa340;
 .timescale 0 0;
    .port_info 0 /INPUT 1 "clk";
    .port_info 1 /INPUT 1 "rst";
    .port_info 2 /OUTPUT 1 "y";
v00000215d4bf0ff0_0 .net "clk", 0 0, L_00000215d4be6ad0;  alias, 1 drivers
v00000215d4bf0f50_0 .var "count", 1 0;
v00000215d4bf11d0_0 .net "rst", 0 0, v00000215d4bf1310_0;  alias, 1 drivers
v00000215d4bf16d0_0 .net "y", 0 0, L_00000215d4bf18b0;  alias, 1 drivers
E_00000215d4ada6c0/0 .event anyedge, v00000215d4bf61f0_0;
E_00000215d4ada6c0/1 .event negedge, v00000215d4bf14f0_0;
E_00000215d4ada6c0 .event/or E_00000215d4ada6c0/0, E_00000215d4ada6c0/1;
L_00000215d4bf18b0 .part v00000215d4bf0f50_0, 1, 1;
S_00000215d4bc2d20 .scope module, "jk1" "jkff" 2 10, 5 1 0, S_00000215d4bfa340;
 .timescale 0 0;
    .port_info 0 /INPUT 1 "clk";
    .port_info 1 /INPUT 1 "rst";
    .port_info 2 /INPUT 1 "J";
    .port_info 3 /INPUT 1 "K";
    .port_info 4 /OUTPUT 1 "q";
L_00000215d4c50018 .functor BUFT 1, C4<1>, C4<0>, C4<0>, C4<0>;
v00000215d4bf0eb0_0 .net "J", 0 0, L_00000215d4c50018;  1 drivers
L_00000215d4c50060 .functor BUFT 1, C4<1>, C4<0>, C4<0>, C4<0>;
v00000215d4bf1810_0 .net "K", 0 0, L_00000215d4c50060;  1 drivers
v00000215d4bf1950_0 .net "clk", 0 0, L_00000215d4bf18b0;  alias, 1 drivers
v00000215d4bf1090_0 .var "q", 0 0;
v00000215d4bf1130_0 .net "rst", 0 0, v00000215d4bf1310_0;  alias, 1 drivers
E_00000215d4ada940/0 .event anyedge, v00000215d4bf61f0_0;
E_00000215d4ada940/1 .event posedge, v00000215d4bf16d0_0;
E_00000215d4ada940 .event/or E_00000215d4ada940/0, E_00000215d4ada940/1;
    .scope S_00000215d4bfa4d0;
T_0 ;
    %wait E_00000215d4ada140;
    %load/vec4 v00000215d4bf61f0_0;
    %flag_set/vec4 8;
    %jmp/0xz  T_0.0, 8;
    %pushi/vec4 9, 0, 4;
    %store/vec4 v00000215d4bf6150_0, 0, 4;
    %jmp T_0.1;
T_0.0 ;
    %load/vec4 v00000215d4bf6150_0;
    %cmpi/e 0, 0, 4;
    %jmp/0xz  T_0.2, 4;
    %pushi/vec4 9, 0, 4;
    %store/vec4 v00000215d4bf6150_0, 0, 4;
    %jmp T_0.3;
T_0.2 ;
    %load/vec4 v00000215d4bf6150_0;
    %subi 1, 0, 4;
    %store/vec4 v00000215d4bf6150_0, 0, 4;
T_0.3 ;
T_0.1 ;
    %jmp T_0;
    .thread T_0;
    .scope S_00000215d4bf6290;
T_1 ;
    %wait E_00000215d4ada6c0;
    %load/vec4 v00000215d4bf11d0_0;
    %flag_set/vec4 8;
    %jmp/0xz  T_1.0, 8;
    %pushi/vec4 0, 0, 2;
    %store/vec4 v00000215d4bf0f50_0, 0, 2;
    %jmp T_1.1;
T_1.0 ;
    %load/vec4 v00000215d4bf0f50_0;
    %cmpi/e 2, 0, 2;
    %jmp/0xz  T_1.2, 4;
    %pushi/vec4 0, 0, 2;
    %store/vec4 v00000215d4bf0f50_0, 0, 2;
    %jmp T_1.3;
T_1.2 ;
    %load/vec4 v00000215d4bf0f50_0;
    %addi 1, 0, 2;
    %store/vec4 v00000215d4bf0f50_0, 0, 2;
T_1.3 ;
T_1.1 ;
    %jmp T_1;
    .thread T_1;
    .scope S_00000215d4bc2d20;
T_2 ;
    %wait E_00000215d4ada940;
    %load/vec4 v00000215d4bf1130_0;
    %flag_set/vec4 8;
    %jmp/0xz  T_2.0, 8;
    %pushi/vec4 0, 0, 1;
    %assign/vec4 v00000215d4bf1090_0, 0;
    %jmp T_2.1;
T_2.0 ;
    %load/vec4 v00000215d4bf0eb0_0;
    %load/vec4 v00000215d4bf1810_0;
    %concat/vec4; draw_concat_vec4
    %dup/vec4;
    %pushi/vec4 0, 0, 2;
    %cmp/u;
    %jmp/1 T_2.2, 6;
    %dup/vec4;
    %pushi/vec4 1, 0, 2;
    %cmp/u;
    %jmp/1 T_2.3, 6;
    %dup/vec4;
    %pushi/vec4 2, 0, 2;
    %cmp/u;
    %jmp/1 T_2.4, 6;
    %dup/vec4;
    %pushi/vec4 3, 0, 2;
    %cmp/u;
    %jmp/1 T_2.5, 6;
    %jmp T_2.6;
T_2.2 ;
    %load/vec4 v00000215d4bf1090_0;
    %assign/vec4 v00000215d4bf1090_0, 0;
    %jmp T_2.6;
T_2.3 ;
    %pushi/vec4 0, 0, 1;
    %assign/vec4 v00000215d4bf1090_0, 0;
    %jmp T_2.6;
T_2.4 ;
    %pushi/vec4 1, 0, 1;
    %assign/vec4 v00000215d4bf1090_0, 0;
    %jmp T_2.6;
T_2.5 ;
    %load/vec4 v00000215d4bf1090_0;
    %nor/r;
    %assign/vec4 v00000215d4bf1090_0, 0;
    %jmp T_2.6;
T_2.6 ;
    %pop/vec4 1;
T_2.1 ;
    %jmp T_2;
    .thread T_2;
    .scope S_00000215d4bfa340;
T_3 ;
    %pushi/vec4 0, 0, 1;
    %store/vec4 v00000215d4bf0e10_0, 0, 1;
T_3.0 ;
    %delay 1, 0;
    %load/vec4 v00000215d4bf0e10_0;
    %inv;
    %store/vec4 v00000215d4bf0e10_0, 0, 1;
    %jmp T_3.0;
    %end;
    .thread T_3;
    .scope S_00000215d4bfa340;
T_4 ;
    %vpi_call 2 16 "$dumpfile", "out.vcd" {0 0 0};
    %vpi_call 2 17 "$dumpvars", 32'sb00000000000000000000000000000000, S_00000215d4bfa340 {0 0 0};
    %pushi/vec4 1, 0, 1;
    %store/vec4 v00000215d4bf1310_0, 0, 1;
    %delay 10, 0;
    %pushi/vec4 0, 0, 1;
    %store/vec4 v00000215d4bf1310_0, 0, 1;
    %delay 200, 0;
    %vpi_call 2 22 "$finish" {0 0 0};
    %pushi/vec4 0, 0, 1;
    %store/vec4 v00000215d4bf1310_0, 0, 1;
    %end;
    .thread T_4;
# The file index is used to find the file name in the following table.
:file_names 6;
    "N/A";
    "<interactive>";
    "testbench.v";
    "./decade_counter.v";
    "./counter3.v";
    "./flipflop.v";
